<?xml version="1.0" encoding="UTF-8"?>
<testsuite xmlns:xsi="http://www.w3.org/2001/XMLSchema-instance" xsi:schemaLocation="https://maven.apache.org/surefire/maven-surefire-plugin/xsd/surefire-test-report.xsd" name="fr.joch.miner.MiningTest" time="77.475" tests="1" errors="1" skipped="0" failures="0">
  <properties>
[...]
</properties>
  <testcase name="testMining" classname="fr.joch.miner.MiningTest" time="77.412">
    <error message="Error communicating with the remote browser. It may have died.&#10;Build info: version: &apos;2.53.1&apos;, revision: &apos;a36b8b1cd5757287168e54b817830adce9b0158d&apos;, time: &apos;2016-06-30 19:26:09&apos;&#10;System info: host: &apos;alexandre&apos;, ip: &apos;192.168.0.49&apos;, os.name: &apos;Windows 10&apos;, os.arch: &apos;amd64&apos;, os.version: &apos;10.0&apos;, java.version: &apos;1.8.0_60&apos;&#10;Driver info: driver.version: RemoteWebDriver&#10;Capabilities [{applicationCacheEnabled=true, rotatable=false, handlesAlerts=true, databaseEnabled=true, version=43.0.1, platform=WINDOWS, nativeEvents=false, acceptSslCerts=true, webStorageEnabled=true, locationContextEnabled=true, browserName=firefox, takesScreenshot=true, javascriptEnabled=true, cssSelectorsEnabled=true}]&#10;Session ID: 8d25e84e-c7fd-456e-b8ff-c91e3835593e" type="org.openqa.selenium.remote.UnreachableBrowserException">org.openqa.selenium.remote.UnreachableBrowserException: 
Error communicating with the remote browser. It may have died.
Build info: version: '2.53.1', revision: 'a36b8b1cd5757287168e54b817830adce9b0158d', time: '2016-06-30 19:26:09'
System info: host: 'alexandre', ip: '192.168.0.49', os.name: 'Windows 10', os.arch: 'amd64', os.version: '10.0', java.version: '1.8.0_60'
Driver info: driver.version: RemoteWebDriver
Capabilities [{applicationCacheEnabled=true, rotatable=false, handlesAlerts=true, databaseEnabled=true, version=43.0.1, platform=WINDOWS, nativeEvents=false, acceptSslCerts=true, webStorageEnabled=true, locationContextEnabled=true, browserName=firefox, takesScreenshot=true, javascriptEnabled=true, cssSelectorsEnabled=true}]
Session ID: 8d25e84e-c7fd-456e-b8ff-c91e3835593e
	at fr.joch.miner.MiningTest.extractVelocity(MiningTest.java:195)
	at fr.joch.miner.MiningTest.testMining(MiningTest.java:103)
Caused by: org.apache.http.conn.HttpHostConnectException: Connect to 127.0.0.1:7055 [/127.0.0.1] failed: Connection refused: connect
	at fr.joch.miner.MiningTest.extractVelocity(MiningTest.java:195)
	at fr.joch.miner.MiningTest.testMining(MiningTest.java:103)
Caused by: java.net.ConnectException: Connection refused: connect
	at fr.joch.miner.MiningTest.extractVelocity(MiningTest.java:195)
	at fr.joch.miner.MiningTest.testMining(MiningTest.java:103)
</error>
    <system-out><![CDATA[C:\Users\Alexandre\git\miner\wbph3zp0.miner
Started
Account status
Monero0.024293910924~0.00025501



FantomCoin0.000000000000~0.00000000



QuazarCoin0.000000000000~0.00000000



Bytecoin0.00000000~0.00000000



DigitalNote0.00000000~0.00000000



MonetaVerde0.000000000000

Dashcoin0.00000000~0.00000000



Aeon coin0.000000000000~0.00000000



Infinium-80.000000000000

Ethereum0.000000000000000000~0.00000000



Ethereum Classic0.000000000000000000~0.00000000



Bitcoin0.00000000~0.00000000
USD

Historique de retraitHistorique des transfertsBuyNEW!DébiterEnvoyer
Litecoin0.00000000~0.00000000









-------------------------------
Mining on : QuazarCoin
0.0H/s| 4 shares - Last : 
0.0H/s| 4 shares - Last : 
0.0H/s| 4 shares - Last : 
0.0H/s| 4 shares - Last : 
0.0H/s| 4 shares - Last : 
0.0H/s| 4 shares - Last : 
]]></system-out>
  </testcase>
</testsuite>